<?xml version="1.0" encoding="UTF-8"?>
<!-- Generated by org.testng.reporters.JUnitReportReporter -->
<testsuite hostname="dkadev-qaa" failures="0" tests="3" name="testng_features.HomePageTest" time="0.011" errors="0" timestamp="2023-10-16T04:43:07 CEST" skipped="0">
  <testcase classname="testng_features.HomePageTest" name="loginTest" time="0.002"/>
  <system-out/>
  <testcase classname="testng_features.HomePageTest" name="homepageTitleTest" time="0.007"/>
  <system-out/>
  <testcase classname="testng_features.HomePageTest" name="homepageUrlTest" time="0.002"/>
  <system-out/>
</testsuite> <!-- testng_features.HomePageTest -->
