<?xml version="1.0" encoding="UTF-8"?>
<!-- Generated by org.testng.reporters.JUnitReportReporter -->
<testsuite hostname="dkadev-qaa" failures="0" tests="3" name="testng_features.LoginPageNegativeTest" time="1.792" errors="0" timestamp="2023-10-16T11:54:23 CEST" skipped="0">
  <testcase classname="testng_features.LoginPageNegativeTest" name="doLoginTest" time="0.640"/>
  <system-out/>
  <testcase classname="testng_features.LoginPageNegativeTest" name="doLoginTest" time="0.584"/>
  <system-out/>
  <testcase classname="testng_features.LoginPageNegativeTest" name="doLoginTest" time="0.568"/>
  <system-out/>
</testsuite> <!-- testng_features.LoginPageNegativeTest -->
