<?xml version="1.0" encoding="UTF-8"?>
<!-- Generated by org.testng.reporters.JUnitReportReporter -->
<testsuite hostname="dkadev-qaa" failures="0" tests="6" name="testng_features.PriorityTest" time="0.013" errors="0" timestamp="2023-10-16T05:51:40 CEST" skipped="0">
  <testcase classname="testng_features.PriorityTest" name="a_test" time="0.007"/>
  <system-out/>
  <testcase classname="testng_features.PriorityTest" name="b_test" time="0.001"/>
  <system-out/>
  <testcase classname="testng_features.PriorityTest" name="f_test" time="0.001"/>
  <system-out/>
  <testcase classname="testng_features.PriorityTest" name="e_test" time="0.001"/>
  <system-out/>
  <testcase classname="testng_features.PriorityTest" name="c_test" time="0.002"/>
  <system-out/>
  <testcase classname="testng_features.PriorityTest" name="d_test" time="0.001"/>
  <system-out/>
</testsuite> <!-- testng_features.PriorityTest -->
