<?xml version="1.0" encoding="UTF-8"?>
<!-- Generated by org.testng.reporters.JUnitReportReporter -->
<testsuite hostname="dkadev-qaa" failures="0" tests="3" name="testng_features.AmazonTest" time="0.195" errors="0" timestamp="2023-10-17T11:24:19 CEST" skipped="0">
  <testcase classname="testng_features.AmazonTest" name="titleTest" time="0.079"/>
  <system-out/>
  <testcase classname="testng_features.AmazonTest" name="searchBarExitsTest" time="0.057"/>
  <system-out/>
  <testcase classname="testng_features.AmazonTest" name="signinLinkTest" time="0.059"/>
  <system-out/>
</testsuite> <!-- testng_features.AmazonTest -->
