<?xml version="1.0" encoding="UTF-8"?>
<!-- Generated by org.testng.reporters.JUnitReportReporter -->
<testsuite hostname="dkadev-qaa" failures="0" tests="10" name="testng_features.InvocationCount" time="0.017" errors="0" timestamp="2023-10-16T11:09:25 CEST" skipped="0">
  <testcase classname="testng_features.InvocationCount" name="createUserTest" time="0.008"/>
  <system-out/>
  <testcase classname="testng_features.InvocationCount" name="createUserTest" time="0.001"/>
  <system-out/>
  <testcase classname="testng_features.InvocationCount" name="createUserTest" time="0.001"/>
  <system-out/>
  <testcase classname="testng_features.InvocationCount" name="createUserTest" time="0.000"/>
  <system-out/>
  <testcase classname="testng_features.InvocationCount" name="createUserTest" time="0.002"/>
  <system-out/>
  <testcase classname="testng_features.InvocationCount" name="createUserTest" time="0.001"/>
  <system-out/>
  <testcase classname="testng_features.InvocationCount" name="createUserTest" time="0.001"/>
  <system-out/>
  <testcase classname="testng_features.InvocationCount" name="createUserTest" time="0.001"/>
  <system-out/>
  <testcase classname="testng_features.InvocationCount" name="createUserTest" time="0.001"/>
  <system-out/>
  <testcase classname="testng_features.InvocationCount" name="createUserTest" time="0.001"/>
  <system-out/>
</testsuite> <!-- testng_features.InvocationCount -->
