<?xml version="1.0" encoding="UTF-8"?>
<!-- Generated by org.testng.reporters.JUnitReportReporter -->
<testsuite hostname="dkadev-qaa" failures="0" tests="1" name="testng_features.ExpectedExceptionConcept" time="0.008" errors="0" timestamp="2023-10-16T05:48:23 CEST" skipped="0">
  <testcase classname="testng_features.ExpectedExceptionConcept" name="loginTest" time="0.008"/>
  <system-out/>
</testsuite> <!-- testng_features.ExpectedExceptionConcept -->
